<?xml version="1.0" encoding="UTF-8"?>
<!-- Generated by org.testng.reporters.JUnitReportReporter -->
<testsuite skipped="0" hostname="FCGRN-L0193" name="TestApiClass.UserListApi" tests="1" failures="0" timestamp="2020-08-10T02:04:28 IST" time="0.891" errors="0">
  <testcase name="testcase1" time="0.891" classname="TestApiClass.UserListApi"/>
  <system-out/>
</testsuite> <!-- TestApiClass.UserListApi -->
